The target system is: Android - 19 - armv5te
The host system is: Darwin - 16.7.0 - x86_64
Determining if the C compiler works passed with the following output:
Change Dir: /Users/JunChangWook/Downloads/ohMyBaby/app/.externalNativeBuild/cmake/release/armeabi/CMakeFiles/CMakeTmp

Run Build Command:"/Users/JunChangWook/Library/Android/sdk/cmake/3.6.4111459/bin/ninja" "cmTC_53724"
[1/2] Building C object CMakeFiles/cmTC_53724.dir/testCCompiler.c.o
[2/2] Linking C executable cmTC_53724


Detecting C compiler ABI info compiled with the following output:
Change Dir: /Users/JunChangWook/Downloads/ohMyBaby/app/.externalNativeBuild/cmake/release/armeabi/CMakeFiles/CMakeTmp

Run Build Command:"/Users/JunChangWook/Library/Android/sdk/cmake/3.6.4111459/bin/ninja" "cmTC_4e644"
[1/2] Building C object CMakeFiles/cmTC_4e644.dir/CMakeCCompilerABI.c.o
[2/2] Linking C executable cmTC_4e644
Android clang version 5.0.300080  (based on LLVM 5.0.300080)
Target: armv5te-none-linux-android
Thread model: posix
InstalledDir: /Users/JunChangWook/Library/Android/sdk/ndk-bundle/toolchains/llvm/prebuilt/darwin-x86_64/bin
Found candidate GCC installation: /Users/JunChangWook/Library/Android/sdk/ndk-bundle/toolchains/arm-linux-androideabi-4.9/prebuilt/darwin-x86_64/lib/gcc/arm-linux-androideabi/4.9.x
Selected GCC installation: /Users/JunChangWook/Library/Android/sdk/ndk-bundle/toolchains/arm-linux-androideabi-4.9/prebuilt/darwin-x86_64/lib/gcc/arm-linux-androideabi/4.9.x
Candidate multilib: thumb;@thumb
Candidate multilib: armv7-a;@armv7
Candidate multilib: armv7-a/thumb;@armv7@thumb
Candidate multilib: .;
Selected multilib: thumb;@thumb
 "/Users/JunChangWook/Library/Android/sdk/ndk-bundle/toolchains/arm-linux-androideabi-4.9/prebuilt/darwin-x86_64/lib/gcc/arm-linux-androideabi/4.9.x/../../../../arm-linux-androideabi/bin/ld" --sysroot=/Users/JunChangWook/Library/Android/sdk/ndk-bundle/platforms/android-19/arch-arm -pie -X --eh-frame-hdr -m armelf_linux_eabi -dynamic-linker /system/bin/linker -o cmTC_4e644 /Users/JunChangWook/Library/Android/sdk/ndk-bundle/platforms/android-19/arch-arm/usr/lib/../lib/crtbegin_dynamic.o -L/Users/JunChangWook/Library/Android/sdk/ndk-bundle/toolchains/llvm/prebuilt/darwin-x86_64/lib64/clang/5.0.300080/lib/linux/arm -L/Users/JunChangWook/Library/Android/sdk/ndk-bundle/toolchains/arm-linux-androideabi-4.9/prebuilt/darwin-x86_64/lib/gcc/arm-linux-androideabi/4.9.x/thumb -L/Users/JunChangWook/Library/Android/sdk/ndk-bundle/toolchains/arm-linux-androideabi-4.9/prebuilt/darwin-x86_64/lib/gcc/arm-linux-androideabi/4.9.x/../../../../arm-linux-androideabi/lib/../lib/thumb -L/Users/JunChangWook/Library/Android/sdk/ndk-bundle/platforms/android-19/arch-arm/usr/lib/../lib -L/Users/JunChangWook/Library/Android/sdk/ndk-bundle/toolchains/arm-linux-androideabi-4.9/prebuilt/darwin-x86_64/lib/gcc/arm-linux-androideabi/4.9.x/../../../../arm-linux-androideabi/lib/thumb -L/Users/JunChangWook/Library/Android/sdk/ndk-bundle/platforms/android-19/arch-arm/usr/lib --exclude-libs libgcc.a --build-id --warn-shared-textrel --fatal-warnings --no-undefined -z noexecstack -z relro -z now --gc-sections -z nocopyreloc CMakeFiles/cmTC_4e644.dir/CMakeCCompilerABI.c.o -lgcc -ldl -lc -lgcc -ldl /Users/JunChangWook/Library/Android/sdk/ndk-bundle/platforms/android-19/arch-arm/usr/lib/../lib/crtend_android.o


Parsed C implicit link information from above output:
  link line regex: [^( *|.*[/\])(arm-linux-androideabi-ld|([^/\]+-)?ld|collect2)[^/\]*( |$)]
  ignore line: [Change Dir: /Users/JunChangWook/Downloads/ohMyBaby/app/.externalNativeBuild/cmake/release/armeabi/CMakeFiles/CMakeTmp]
  ignore line: []
  ignore line: [Run Build Command:"/Users/JunChangWook/Library/Android/sdk/cmake/3.6.4111459/bin/ninja" "cmTC_4e644"]
  ignore line: [[1/2] Building C object CMakeFiles/cmTC_4e644.dir/CMakeCCompilerABI.c.o]
  ignore line: [[2/2] Linking C executable cmTC_4e644]
  ignore line: [Android clang version 5.0.300080  (based on LLVM 5.0.300080)]
  ignore line: [Target: armv5te-none-linux-android]
  ignore line: [Thread model: posix]
  ignore line: [InstalledDir: /Users/JunChangWook/Library/Android/sdk/ndk-bundle/toolchains/llvm/prebuilt/darwin-x86_64/bin]
  ignore line: [Found candidate GCC installation: /Users/JunChangWook/Library/Android/sdk/ndk-bundle/toolchains/arm-linux-androideabi-4.9/prebuilt/darwin-x86_64/lib/gcc/arm-linux-androideabi/4.9.x]
  ignore line: [Selected GCC installation: /Users/JunChangWook/Library/Android/sdk/ndk-bundle/toolchains/arm-linux-androideabi-4.9/prebuilt/darwin-x86_64/lib/gcc/arm-linux-androideabi/4.9.x]
  ignore line: [Candidate multilib: thumb]
  ignore line: [@thumb]
  ignore line: [Candidate multilib: armv7-a]
  ignore line: [@armv7]
  ignore line: [Candidate multilib: armv7-a/thumb]
  ignore line: [@armv7@thumb]
  ignore line: [Candidate multilib: .]
  ignore line: []
  ignore line: [Selected multilib: thumb]
  ignore line: [@thumb]
  link line: [ "/Users/JunChangWook/Library/Android/sdk/ndk-bundle/toolchains/arm-linux-androideabi-4.9/prebuilt/darwin-x86_64/lib/gcc/arm-linux-androideabi/4.9.x/../../../../arm-linux-androideabi/bin/ld" --sysroot=/Users/JunChangWook/Library/Android/sdk/ndk-bundle/platforms/android-19/arch-arm -pie -X --eh-frame-hdr -m armelf_linux_eabi -dynamic-linker /system/bin/linker -o cmTC_4e644 /Users/JunChangWook/Library/Android/sdk/ndk-bundle/platforms/android-19/arch-arm/usr/lib/../lib/crtbegin_dynamic.o -L/Users/JunChangWook/Library/Android/sdk/ndk-bundle/toolchains/llvm/prebuilt/darwin-x86_64/lib64/clang/5.0.300080/lib/linux/arm -L/Users/JunChangWook/Library/Android/sdk/ndk-bundle/toolchains/arm-linux-androideabi-4.9/prebuilt/darwin-x86_64/lib/gcc/arm-linux-androideabi/4.9.x/thumb -L/Users/JunChangWook/Library/Android/sdk/ndk-bundle/toolchains/arm-linux-androideabi-4.9/prebuilt/darwin-x86_64/lib/gcc/arm-linux-androideabi/4.9.x/../../../../arm-linux-androideabi/lib/../lib/thumb -L/Users/JunChangWook/Library/Android/sdk/ndk-bundle/platforms/android-19/arch-arm/usr/lib/../lib -L/Users/JunChangWook/Library/Android/sdk/ndk-bundle/toolchains/arm-linux-androideabi-4.9/prebuilt/darwin-x86_64/lib/gcc/arm-linux-androideabi/4.9.x/../../../../arm-linux-androideabi/lib/thumb -L/Users/JunChangWook/Library/Android/sdk/ndk-bundle/platforms/android-19/arch-arm/usr/lib --exclude-libs libgcc.a --build-id --warn-shared-textrel --fatal-warnings --no-undefined -z noexecstack -z relro -z now --gc-sections -z nocopyreloc CMakeFiles/cmTC_4e644.dir/CMakeCCompilerABI.c.o -lgcc -ldl -lc -lgcc -ldl /Users/JunChangWook/Library/Android/sdk/ndk-bundle/platforms/android-19/arch-arm/usr/lib/../lib/crtend_android.o]
    arg [/Users/JunChangWook/Library/Android/sdk/ndk-bundle/toolchains/arm-linux-androideabi-4.9/prebuilt/darwin-x86_64/lib/gcc/arm-linux-androideabi/4.9.x/../../../../arm-linux-androideabi/bin/ld] ==> ignore
    arg [--sysroot=/Users/JunChangWook/Library/Android/sdk/ndk-bundle/platforms/android-19/arch-arm] ==> ignore
    arg [-pie] ==> ignore
    arg [-X] ==> ignore
    arg [--eh-frame-hdr] ==> ignore
    arg [-m] ==> ignore
    arg [armelf_linux_eabi] ==> ignore
    arg [-dynamic-linker] ==> ignore
    arg [/system/bin/linker] ==> ignore
    arg [-o] ==> ignore
    arg [cmTC_4e644] ==> ignore
    arg [/Users/JunChangWook/Library/Android/sdk/ndk-bundle/platforms/android-19/arch-arm/usr/lib/../lib/crtbegin_dynamic.o] ==> ignore
    arg [-L/Users/JunChangWook/Library/Android/sdk/ndk-bundle/toolchains/llvm/prebuilt/darwin-x86_64/lib64/clang/5.0.300080/lib/linux/arm] ==> dir [/Users/JunChangWook/Library/Android/sdk/ndk-bundle/toolchains/llvm/prebuilt/darwin-x86_64/lib64/clang/5.0.300080/lib/linux/arm]
    arg [-L/Users/JunChangWook/Library/Android/sdk/ndk-bundle/toolchains/arm-linux-androideabi-4.9/prebuilt/darwin-x86_64/lib/gcc/arm-linux-androideabi/4.9.x/thumb] ==> dir [/Users/JunChangWook/Library/Android/sdk/ndk-bundle/toolchains/arm-linux-androideabi-4.9/prebuilt/darwin-x86_64/lib/gcc/arm-linux-androideabi/4.9.x/thumb]
    arg [-L/Users/JunChangWook/Library/Android/sdk/ndk-bundle/toolchains/arm-linux-androideabi-4.9/prebuilt/darwin-x86_64/lib/gcc/arm-linux-androideabi/4.9.x/../../../../arm-linux-androideabi/lib/../lib/thumb] ==> dir [/Users/JunChangWook/Library/Android/sdk/ndk-bundle/toolchains/arm-linux-androideabi-4.9/prebuilt/darwin-x86_64/lib/gcc/arm-linux-androideabi/4.9.x/../../../../arm-linux-androideabi/lib/../lib/thumb]
    arg [-L/Users/JunChangWook/Library/Android/sdk/ndk-bundle/platforms/android-19/arch-arm/usr/lib/../lib] ==> dir [/Users/JunChangWook/Library/Android/sdk/ndk-bundle/platforms/android-19/arch-arm/usr/lib/../lib]
    arg [-L/Users/JunChangWook/Library/Android/sdk/ndk-bundle/toolchains/arm-linux-androideabi-4.9/prebuilt/darwin-x86_64/lib/gcc/arm-linux-androideabi/4.9.x/../../../../arm-linux-androideabi/lib/thumb] ==> dir [/Users/JunChangWook/Library/Android/sdk/ndk-bundle/toolchains/arm-linux-androideabi-4.9/prebuilt/darwin-x86_64/lib/gcc/arm-linux-androideabi/4.9.x/../../../../arm-linux-androideabi/lib/thumb]
    arg [-L/Users/JunChangWook/Library/Android/sdk/ndk-bundle/platforms/android-19/arch-arm/usr/lib] ==> dir [/Users/JunChangWook/Library/Android/sdk/ndk-bundle/platforms/android-19/arch-arm/usr/lib]
    arg [--exclude-libs] ==> ignore
    arg [libgcc.a] ==> ignore
    arg [--build-id] ==> ignore
    arg [--warn-shared-textrel] ==> ignore
    arg [--fatal-warnings] ==> ignore
    arg [--no-undefined] ==> ignore
    arg [-znoexecstack] ==> ignore
    arg [-zrelro] ==> ignore
    arg [-znow] ==> ignore
    arg [--gc-sections] ==> ignore
    arg [-znocopyreloc] ==> ignore
    arg [CMakeFiles/cmTC_4e644.dir/CMakeCCompilerABI.c.o] ==> ignore
    arg [-lgcc] ==> lib [gcc]
    arg [-ldl] ==> lib [dl]
    arg [-lc] ==> lib [c]
    arg [-lgcc] ==> lib [gcc]
    arg [-ldl] ==> lib [dl]
    arg [/Users/JunChangWook/Library/Android/sdk/ndk-bundle/platforms/android-19/arch-arm/usr/lib/../lib/crtend_android.o] ==> ignore
  remove lib [gcc]
  remove lib [gcc]
  collapse library dir [/Users/JunChangWook/Library/Android/sdk/ndk-bundle/toolchains/llvm/prebuilt/darwin-x86_64/lib64/clang/5.0.300080/lib/linux/arm] ==> [/Users/JunChangWook/Library/Android/sdk/ndk-bundle/toolchains/llvm/prebuilt/darwin-x86_64/lib64/clang/5.0.300080/lib/linux/arm]
  collapse library dir [/Users/JunChangWook/Library/Android/sdk/ndk-bundle/toolchains/arm-linux-androideabi-4.9/prebuilt/darwin-x86_64/lib/gcc/arm-linux-androideabi/4.9.x/thumb] ==> [/Users/JunChangWook/Library/Android/sdk/ndk-bundle/toolchains/arm-linux-androideabi-4.9/prebuilt/darwin-x86_64/lib/gcc/arm-linux-androideabi/4.9.x/thumb]
  collapse library dir [/Users/JunChangWook/Library/Android/sdk/ndk-bundle/toolchains/arm-linux-androideabi-4.9/prebuilt/darwin-x86_64/lib/gcc/arm-linux-androideabi/4.9.x/../../../../arm-linux-androideabi/lib/../lib/thumb] ==> [/Users/JunChangWook/Library/Android/sdk/ndk-bundle/toolchains/arm-linux-androideabi-4.9/prebuilt/darwin-x86_64/arm-linux-androideabi/lib/thumb]
  collapse library dir [/Users/JunChangWook/Library/Android/sdk/ndk-bundle/platforms/android-19/arch-arm/usr/lib/../lib] ==> [/Users/JunChangWook/Library/Android/sdk/ndk-bundle/platforms/android-19/arch-arm/usr/lib]
  collapse library dir [/Users/JunChangWook/Library/Android/sdk/ndk-bundle/toolchains/arm-linux-androideabi-4.9/prebuilt/darwin-x86_64/lib/gcc/arm-linux-androideabi/4.9.x/../../../../arm-linux-androideabi/lib/thumb] ==> [/Users/JunChangWook/Library/Android/sdk/ndk-bundle/toolchains/arm-linux-androideabi-4.9/prebuilt/darwin-x86_64/arm-linux-androideabi/lib/thumb]
  collapse library dir [/Users/JunChangWook/Library/Android/sdk/ndk-bundle/platforms/android-19/arch-arm/usr/lib] ==> [/Users/JunChangWook/Library/Android/sdk/ndk-bundle/platforms/android-19/arch-arm/usr/lib]
  implicit libs: [dl;c;dl]
  implicit dirs: [/Users/JunChangWook/Library/Android/sdk/ndk-bundle/toolchains/llvm/prebuilt/darwin-x86_64/lib64/clang/5.0.300080/lib/linux/arm;/Users/JunChangWook/Library/Android/sdk/ndk-bundle/toolchains/arm-linux-androideabi-4.9/prebuilt/darwin-x86_64/lib/gcc/arm-linux-androideabi/4.9.x/thumb;/Users/JunChangWook/Library/Android/sdk/ndk-bundle/toolchains/arm-linux-androideabi-4.9/prebuilt/darwin-x86_64/arm-linux-androideabi/lib/thumb;/Users/JunChangWook/Library/Android/sdk/ndk-bundle/platforms/android-19/arch-arm/usr/lib]
  implicit fwks: []




Detecting C [-std=c11] compiler features compiled with the following output:
Change Dir: /Users/JunChangWook/Downloads/ohMyBaby/app/.externalNativeBuild/cmake/release/armeabi/CMakeFiles/CMakeTmp

Run Build Command:"/Users/JunChangWook/Library/Android/sdk/cmake/3.6.4111459/bin/ninja" "cmTC_22cfd"
[1/2] Building C object CMakeFiles/cmTC_22cfd.dir/feature_tests.c.o
[2/2] Linking C executable cmTC_22cfd


    Feature record: C_FEATURE:1c_function_prototypes
    Feature record: C_FEATURE:1c_restrict
    Feature record: C_FEATURE:1c_static_assert
    Feature record: C_FEATURE:1c_variadic_macros


Detecting C [-std=c99] compiler features compiled with the following output:
Change Dir: /Users/JunChangWook/Downloads/ohMyBaby/app/.externalNativeBuild/cmake/release/armeabi/CMakeFiles/CMakeTmp

Run Build Command:"/Users/JunChangWook/Library/Android/sdk/cmake/3.6.4111459/bin/ninja" "cmTC_8d63d"
[1/2] Building C object CMakeFiles/cmTC_8d63d.dir/feature_tests.c.o
[2/2] Linking C executable cmTC_8d63d


    Feature record: C_FEATURE:1c_function_prototypes
    Feature record: C_FEATURE:1c_restrict
    Feature record: C_FEATURE:0c_static_assert
    Feature record: C_FEATURE:1c_variadic_macros


Detecting C [-std=c90] compiler features compiled with the following output:
Change Dir: /Users/JunChangWook/Downloads/ohMyBaby/app/.externalNativeBuild/cmake/release/armeabi/CMakeFiles/CMakeTmp

Run Build Command:"/Users/JunChangWook/Library/Android/sdk/cmake/3.6.4111459/bin/ninja" "cmTC_98014"
[1/2] Building C object CMakeFiles/cmTC_98014.dir/feature_tests.c.o
[2/2] Linking C executable cmTC_98014


    Feature record: C_FEATURE:1c_function_prototypes
    Feature record: C_FEATURE:0c_restrict
    Feature record: C_FEATURE:0c_static_assert
    Feature record: C_FEATURE:0c_variadic_macros
Determining if the CXX compiler works passed with the following output:
Change Dir: /Users/JunChangWook/Downloads/ohMyBaby/app/.externalNativeBuild/cmake/release/armeabi/CMakeFiles/CMakeTmp

Run Build Command:"/Users/JunChangWook/Library/Android/sdk/cmake/3.6.4111459/bin/ninja" "cmTC_75745"
[1/2] Building CXX object CMakeFiles/cmTC_75745.dir/testCXXCompiler.cxx.o
[2/2] Linking CXX executable cmTC_75745


Detecting CXX compiler ABI info compiled with the following output:
Change Dir: /Users/JunChangWook/Downloads/ohMyBaby/app/.externalNativeBuild/cmake/release/armeabi/CMakeFiles/CMakeTmp

Run Build Command:"/Users/JunChangWook/Library/Android/sdk/cmake/3.6.4111459/bin/ninja" "cmTC_0a1c8"
[1/2] Building CXX object CMakeFiles/cmTC_0a1c8.dir/CMakeCXXCompilerABI.cpp.o
[2/2] Linking CXX executable cmTC_0a1c8
Android clang version 5.0.300080  (based on LLVM 5.0.300080)
Target: armv5te-none-linux-android
Thread model: posix
InstalledDir: /Users/JunChangWook/Library/Android/sdk/ndk-bundle/toolchains/llvm/prebuilt/darwin-x86_64/bin
Found candidate GCC installation: /Users/JunChangWook/Library/Android/sdk/ndk-bundle/toolchains/arm-linux-androideabi-4.9/prebuilt/darwin-x86_64/lib/gcc/arm-linux-androideabi/4.9.x
Selected GCC installation: /Users/JunChangWook/Library/Android/sdk/ndk-bundle/toolchains/arm-linux-androideabi-4.9/prebuilt/darwin-x86_64/lib/gcc/arm-linux-androideabi/4.9.x
Candidate multilib: thumb;@thumb
Candidate multilib: armv7-a;@armv7
Candidate multilib: armv7-a/thumb;@armv7@thumb
Candidate multilib: .;
Selected multilib: thumb;@thumb
 "/Users/JunChangWook/Library/Android/sdk/ndk-bundle/toolchains/arm-linux-androideabi-4.9/prebuilt/darwin-x86_64/lib/gcc/arm-linux-androideabi/4.9.x/../../../../arm-linux-androideabi/bin/ld" --sysroot=/Users/JunChangWook/Library/Android/sdk/ndk-bundle/platforms/android-19/arch-arm -pie -X --eh-frame-hdr -m armelf_linux_eabi -dynamic-linker /system/bin/linker -o cmTC_0a1c8 /Users/JunChangWook/Library/Android/sdk/ndk-bundle/platforms/android-19/arch-arm/usr/lib/../lib/crtbegin_dynamic.o -L/Users/JunChangWook/Library/Android/sdk/ndk-bundle/toolchains/llvm/prebuilt/darwin-x86_64/lib64/clang/5.0.300080/lib/linux/arm -L/Users/JunChangWook/Library/Android/sdk/ndk-bundle/toolchains/arm-linux-androideabi-4.9/prebuilt/darwin-x86_64/lib/gcc/arm-linux-androideabi/4.9.x/thumb -L/Users/JunChangWook/Library/Android/sdk/ndk-bundle/toolchains/arm-linux-androideabi-4.9/prebuilt/darwin-x86_64/lib/gcc/arm-linux-androideabi/4.9.x/../../../../arm-linux-androideabi/lib/../lib/thumb -L/Users/JunChangWook/Library/Android/sdk/ndk-bundle/platforms/android-19/arch-arm/usr/lib/../lib -L/Users/JunChangWook/Library/Android/sdk/ndk-bundle/toolchains/arm-linux-androideabi-4.9/prebuilt/darwin-x86_64/lib/gcc/arm-linux-androideabi/4.9.x/../../../../arm-linux-androideabi/lib/thumb -L/Users/JunChangWook/Library/Android/sdk/ndk-bundle/platforms/android-19/arch-arm/usr/lib --exclude-libs libgcc.a --build-id --warn-shared-textrel --fatal-warnings --no-undefined -z noexecstack -z relro -z now --gc-sections -z nocopyreloc CMakeFiles/cmTC_0a1c8.dir/CMakeCXXCompilerABI.cpp.o -lstdc++ -lm -lgcc -lgcc -ldl -lc -lgcc -lgcc -ldl /Users/JunChangWook/Library/Android/sdk/ndk-bundle/platforms/android-19/arch-arm/usr/lib/../lib/crtend_android.o


Parsed CXX implicit link information from above output:
  link line regex: [^( *|.*[/\])(arm-linux-androideabi-ld|([^/\]+-)?ld|collect2)[^/\]*( |$)]
  ignore line: [Change Dir: /Users/JunChangWook/Downloads/ohMyBaby/app/.externalNativeBuild/cmake/release/armeabi/CMakeFiles/CMakeTmp]
  ignore line: []
  ignore line: [Run Build Command:"/Users/JunChangWook/Library/Android/sdk/cmake/3.6.4111459/bin/ninja" "cmTC_0a1c8"]
  ignore line: [[1/2] Building CXX object CMakeFiles/cmTC_0a1c8.dir/CMakeCXXCompilerABI.cpp.o]
  ignore line: [[2/2] Linking CXX executable cmTC_0a1c8]
  ignore line: [Android clang version 5.0.300080  (based on LLVM 5.0.300080)]
  ignore line: [Target: armv5te-none-linux-android]
  ignore line: [Thread model: posix]
  ignore line: [InstalledDir: /Users/JunChangWook/Library/Android/sdk/ndk-bundle/toolchains/llvm/prebuilt/darwin-x86_64/bin]
  ignore line: [Found candidate GCC installation: /Users/JunChangWook/Library/Android/sdk/ndk-bundle/toolchains/arm-linux-androideabi-4.9/prebuilt/darwin-x86_64/lib/gcc/arm-linux-androideabi/4.9.x]
  ignore line: [Selected GCC installation: /Users/JunChangWook/Library/Android/sdk/ndk-bundle/toolchains/arm-linux-androideabi-4.9/prebuilt/darwin-x86_64/lib/gcc/arm-linux-androideabi/4.9.x]
  ignore line: [Candidate multilib: thumb]
  ignore line: [@thumb]
  ignore line: [Candidate multilib: armv7-a]
  ignore line: [@armv7]
  ignore line: [Candidate multilib: armv7-a/thumb]
  ignore line: [@armv7@thumb]
  ignore line: [Candidate multilib: .]
  ignore line: []
  ignore line: [Selected multilib: thumb]
  ignore line: [@thumb]
  link line: [ "/Users/JunChangWook/Library/Android/sdk/ndk-bundle/toolchains/arm-linux-androideabi-4.9/prebuilt/darwin-x86_64/lib/gcc/arm-linux-androideabi/4.9.x/../../../../arm-linux-androideabi/bin/ld" --sysroot=/Users/JunChangWook/Library/Android/sdk/ndk-bundle/platforms/android-19/arch-arm -pie -X --eh-frame-hdr -m armelf_linux_eabi -dynamic-linker /system/bin/linker -o cmTC_0a1c8 /Users/JunChangWook/Library/Android/sdk/ndk-bundle/platforms/android-19/arch-arm/usr/lib/../lib/crtbegin_dynamic.o -L/Users/JunChangWook/Library/Android/sdk/ndk-bundle/toolchains/llvm/prebuilt/darwin-x86_64/lib64/clang/5.0.300080/lib/linux/arm -L/Users/JunChangWook/Library/Android/sdk/ndk-bundle/toolchains/arm-linux-androideabi-4.9/prebuilt/darwin-x86_64/lib/gcc/arm-linux-androideabi/4.9.x/thumb -L/Users/JunChangWook/Library/Android/sdk/ndk-bundle/toolchains/arm-linux-androideabi-4.9/prebuilt/darwin-x86_64/lib/gcc/arm-linux-androideabi/4.9.x/../../../../arm-linux-androideabi/lib/../lib/thumb -L/Users/JunChangWook/Library/Android/sdk/ndk-bundle/platforms/android-19/arch-arm/usr/lib/../lib -L/Users/JunChangWook/Library/Android/sdk/ndk-bundle/toolchains/arm-linux-androideabi-4.9/prebuilt/darwin-x86_64/lib/gcc/arm-linux-androideabi/4.9.x/../../../../arm-linux-androideabi/lib/thumb -L/Users/JunChangWook/Library/Android/sdk/ndk-bundle/platforms/android-19/arch-arm/usr/lib --exclude-libs libgcc.a --build-id --warn-shared-textrel --fatal-warnings --no-undefined -z noexecstack -z relro -z now --gc-sections -z nocopyreloc CMakeFiles/cmTC_0a1c8.dir/CMakeCXXCompilerABI.cpp.o -lstdc++ -lm -lgcc -lgcc -ldl -lc -lgcc -lgcc -ldl /Users/JunChangWook/Library/Android/sdk/ndk-bundle/platforms/android-19/arch-arm/usr/lib/../lib/crtend_android.o]
    arg [/Users/JunChangWook/Library/Android/sdk/ndk-bundle/toolchains/arm-linux-androideabi-4.9/prebuilt/darwin-x86_64/lib/gcc/arm-linux-androideabi/4.9.x/../../../../arm-linux-androideabi/bin/ld] ==> ignore
    arg [--sysroot=/Users/JunChangWook/Library/Android/sdk/ndk-bundle/platforms/android-19/arch-arm] ==> ignore
    arg [-pie] ==> ignore
    arg [-X] ==> ignore
    arg [--eh-frame-hdr] ==> ignore
    arg [-m] ==> ignore
    arg [armelf_linux_eabi] ==> ignore
    arg [-dynamic-linker] ==> ignore
    arg [/system/bin/linker] ==> ignore
    arg [-o] ==> ignore
    arg [cmTC_0a1c8] ==> ignore
    arg [/Users/JunChangWook/Library/Android/sdk/ndk-bundle/platforms/android-19/arch-arm/usr/lib/../lib/crtbegin_dynamic.o] ==> ignore
    arg [-L/Users/JunChangWook/Library/Android/sdk/ndk-bundle/toolchains/llvm/prebuilt/darwin-x86_64/lib64/clang/5.0.300080/lib/linux/arm] ==> dir [/Users/JunChangWook/Library/Android/sdk/ndk-bundle/toolchains/llvm/prebuilt/darwin-x86_64/lib64/clang/5.0.300080/lib/linux/arm]
    arg [-L/Users/JunChangWook/Library/Android/sdk/ndk-bundle/toolchains/arm-linux-androideabi-4.9/prebuilt/darwin-x86_64/lib/gcc/arm-linux-androideabi/4.9.x/thumb] ==> dir [/Users/JunChangWook/Library/Android/sdk/ndk-bundle/toolchains/arm-linux-androideabi-4.9/prebuilt/darwin-x86_64/lib/gcc/arm-linux-androideabi/4.9.x/thumb]
    arg [-L/Users/JunChangWook/Library/Android/sdk/ndk-bundle/toolchains/arm-linux-androideabi-4.9/prebuilt/darwin-x86_64/lib/gcc/arm-linux-androideabi/4.9.x/../../../../arm-linux-androideabi/lib/../lib/thumb] ==> dir [/Users/JunChangWook/Library/Android/sdk/ndk-bundle/toolchains/arm-linux-androideabi-4.9/prebuilt/darwin-x86_64/lib/gcc/arm-linux-androideabi/4.9.x/../../../../arm-linux-androideabi/lib/../lib/thumb]
    arg [-L/Users/JunChangWook/Library/Android/sdk/ndk-bundle/platforms/android-19/arch-arm/usr/lib/../lib] ==> dir [/Users/JunChangWook/Library/Android/sdk/ndk-bundle/platforms/android-19/arch-arm/usr/lib/../lib]
    arg [-L/Users/JunChangWook/Library/Android/sdk/ndk-bundle/toolchains/arm-linux-androideabi-4.9/prebuilt/darwin-x86_64/lib/gcc/arm-linux-androideabi/4.9.x/../../../../arm-linux-androideabi/lib/thumb] ==> dir [/Users/JunChangWook/Library/Android/sdk/ndk-bundle/toolchains/arm-linux-androideabi-4.9/prebuilt/darwin-x86_64/lib/gcc/arm-linux-androideabi/4.9.x/../../../../arm-linux-androideabi/lib/thumb]
    arg [-L/Users/JunChangWook/Library/Android/sdk/ndk-bundle/platforms/android-19/arch-arm/usr/lib] ==> dir [/Users/JunChangWook/Library/Android/sdk/ndk-bundle/platforms/android-19/arch-arm/usr/lib]
    arg [--exclude-libs] ==> ignore
    arg [libgcc.a] ==> ignore
    arg [--build-id] ==> ignore
    arg [--warn-shared-textrel] ==> ignore
    arg [--fatal-warnings] ==> ignore
    arg [--no-undefined] ==> ignore
    arg [-znoexecstack] ==> ignore
    arg [-zrelro] ==> ignore
    arg [-znow] ==> ignore
    arg [--gc-sections] ==> ignore
    arg [-znocopyreloc] ==> ignore
    arg [CMakeFiles/cmTC_0a1c8.dir/CMakeCXXCompilerABI.cpp.o] ==> ignore
    arg [-lstdc++] ==> lib [stdc++]
    arg [-lm] ==> lib [m]
    arg [-lgcc] ==> lib [gcc]
    arg [-lgcc] ==> lib [gcc]
    arg [-ldl] ==> lib [dl]
    arg [-lc] ==> lib [c]
    arg [-lgcc] ==> lib [gcc]
    arg [-lgcc] ==> lib [gcc]
    arg [-ldl] ==> lib [dl]
    arg [/Users/JunChangWook/Library/Android/sdk/ndk-bundle/platforms/android-19/arch-arm/usr/lib/../lib/crtend_android.o] ==> ignore
  remove lib [gcc]
  remove lib [gcc]
  remove lib [gcc]
  remove lib [gcc]
  collapse library dir [/Users/JunChangWook/Library/Android/sdk/ndk-bundle/toolchains/llvm/prebuilt/darwin-x86_64/lib64/clang/5.0.300080/lib/linux/arm] ==> [/Users/JunChangWook/Library/Android/sdk/ndk-bundle/toolchains/llvm/prebuilt/darwin-x86_64/lib64/clang/5.0.300080/lib/linux/arm]
  collapse library dir [/Users/JunChangWook/Library/Android/sdk/ndk-bundle/toolchains/arm-linux-androideabi-4.9/prebuilt/darwin-x86_64/lib/gcc/arm-linux-androideabi/4.9.x/thumb] ==> [/Users/JunChangWook/Library/Android/sdk/ndk-bundle/toolchains/arm-linux-androideabi-4.9/prebuilt/darwin-x86_64/lib/gcc/arm-linux-androideabi/4.9.x/thumb]
  collapse library dir [/Users/JunChangWook/Library/Android/sdk/ndk-bundle/toolchains/arm-linux-androideabi-4.9/prebuilt/darwin-x86_64/lib/gcc/arm-linux-androideabi/4.9.x/../../../../arm-linux-androideabi/lib/../lib/thumb] ==> [/Users/JunChangWook/Library/Android/sdk/ndk-bundle/toolchains/arm-linux-androideabi-4.9/prebuilt/darwin-x86_64/arm-linux-androideabi/lib/thumb]
  collapse library dir [/Users/JunChangWook/Library/Android/sdk/ndk-bundle/platforms/android-19/arch-arm/usr/lib/../lib] ==> [/Users/JunChangWook/Library/Android/sdk/ndk-bundle/platforms/android-19/arch-arm/usr/lib]
  collapse library dir [/Users/JunChangWook/Library/Android/sdk/ndk-bundle/toolchains/arm-linux-androideabi-4.9/prebuilt/darwin-x86_64/lib/gcc/arm-linux-androideabi/4.9.x/../../../../arm-linux-androideabi/lib/thumb] ==> [/Users/JunChangWook/Library/Android/sdk/ndk-bundle/toolchains/arm-linux-androideabi-4.9/prebuilt/darwin-x86_64/arm-linux-androideabi/lib/thumb]
  collapse library dir [/Users/JunChangWook/Library/Android/sdk/ndk-bundle/platforms/android-19/arch-arm/usr/lib] ==> [/Users/JunChangWook/Library/Android/sdk/ndk-bundle/platforms/android-19/arch-arm/usr/lib]
  implicit libs: [stdc++;m;dl;c;dl]
  implicit dirs: [/Users/JunChangWook/Library/Android/sdk/ndk-bundle/toolchains/llvm/prebuilt/darwin-x86_64/lib64/clang/5.0.300080/lib/linux/arm;/Users/JunChangWook/Library/Android/sdk/ndk-bundle/toolchains/arm-linux-androideabi-4.9/prebuilt/darwin-x86_64/lib/gcc/arm-linux-androideabi/4.9.x/thumb;/Users/JunChangWook/Library/Android/sdk/ndk-bundle/toolchains/arm-linux-androideabi-4.9/prebuilt/darwin-x86_64/arm-linux-androideabi/lib/thumb;/Users/JunChangWook/Library/Android/sdk/ndk-bundle/platforms/android-19/arch-arm/usr/lib]
  implicit fwks: []




Detecting CXX [-std=c++14] compiler features compiled with the following output:
Change Dir: /Users/JunChangWook/Downloads/ohMyBaby/app/.externalNativeBuild/cmake/release/armeabi/CMakeFiles/CMakeTmp

Run Build Command:"/Users/JunChangWook/Library/Android/sdk/cmake/3.6.4111459/bin/ninja" "cmTC_f70d5"
[1/2] Building CXX object CMakeFiles/cmTC_f70d5.dir/feature_tests.cxx.o
[2/2] Linking CXX executable cmTC_f70d5


    Feature record: CXX_FEATURE:1cxx_aggregate_default_initializers
    Feature record: CXX_FEATURE:1cxx_alias_templates
    Feature record: CXX_FEATURE:1cxx_alignas
    Feature record: CXX_FEATURE:1cxx_alignof
    Feature record: CXX_FEATURE:1cxx_attributes
    Feature record: CXX_FEATURE:1cxx_attribute_deprecated
    Feature record: CXX_FEATURE:1cxx_auto_type
    Feature record: CXX_FEATURE:1cxx_binary_literals
    Feature record: CXX_FEATURE:1cxx_constexpr
    Feature record: CXX_FEATURE:1cxx_contextual_conversions
    Feature record: CXX_FEATURE:1cxx_decltype
    Feature record: CXX_FEATURE:1cxx_decltype_auto
    Feature record: CXX_FEATURE:1cxx_decltype_incomplete_return_types
    Feature record: CXX_FEATURE:1cxx_default_function_template_args
    Feature record: CXX_FEATURE:1cxx_defaulted_functions
    Feature record: CXX_FEATURE:1cxx_defaulted_move_initializers
    Feature record: CXX_FEATURE:1cxx_delegating_constructors
    Feature record: CXX_FEATURE:1cxx_deleted_functions
    Feature record: CXX_FEATURE:1cxx_digit_separators
    Feature record: CXX_FEATURE:1cxx_enum_forward_declarations
    Feature record: CXX_FEATURE:1cxx_explicit_conversions
    Feature record: CXX_FEATURE:1cxx_extended_friend_declarations
    Feature record: CXX_FEATURE:1cxx_extern_templates
    Feature record: CXX_FEATURE:1cxx_final
    Feature record: CXX_FEATURE:1cxx_func_identifier
    Feature record: CXX_FEATURE:1cxx_generalized_initializers
    Feature record: CXX_FEATURE:1cxx_generic_lambdas
    Feature record: CXX_FEATURE:1cxx_inheriting_constructors
    Feature record: CXX_FEATURE:1cxx_inline_namespaces
    Feature record: CXX_FEATURE:1cxx_lambdas
    Feature record: CXX_FEATURE:1cxx_lambda_init_captures
    Feature record: CXX_FEATURE:1cxx_local_type_template_args
    Feature record: CXX_FEATURE:1cxx_long_long_type
    Feature record: CXX_FEATURE:1cxx_noexcept
    Feature record: CXX_FEATURE:1cxx_nonstatic_member_init
    Feature record: CXX_FEATURE:1cxx_nullptr
    Feature record: CXX_FEATURE:1cxx_override
    Feature record: CXX_FEATURE:1cxx_range_for
    Feature record: CXX_FEATURE:1cxx_raw_string_literals
    Feature record: CXX_FEATURE:1cxx_reference_qualified_functions
    Feature record: CXX_FEATURE:1cxx_relaxed_constexpr
    Feature record: CXX_FEATURE:1cxx_return_type_deduction
    Feature record: CXX_FEATURE:1cxx_right_angle_brackets
    Feature record: CXX_FEATURE:1cxx_rvalue_references
    Feature record: CXX_FEATURE:1cxx_sizeof_member
    Feature record: CXX_FEATURE:1cxx_static_assert
    Feature record: CXX_FEATURE:1cxx_strong_enums
    Feature record: CXX_FEATURE:1cxx_template_template_parameters
    Feature record: CXX_FEATURE:1cxx_thread_local
    Feature record: CXX_FEATURE:1cxx_trailing_return_types
    Feature record: CXX_FEATURE:1cxx_unicode_literals
    Feature record: CXX_FEATURE:1cxx_uniform_initialization
    Feature record: CXX_FEATURE:1cxx_unrestricted_unions
    Feature record: CXX_FEATURE:1cxx_user_literals
    Feature record: CXX_FEATURE:1cxx_variable_templates
    Feature record: CXX_FEATURE:1cxx_variadic_macros
    Feature record: CXX_FEATURE:1cxx_variadic_templates


Detecting CXX [-std=c++11] compiler features compiled with the following output:
Change Dir: /Users/JunChangWook/Downloads/ohMyBaby/app/.externalNativeBuild/cmake/release/armeabi/CMakeFiles/CMakeTmp

Run Build Command:"/Users/JunChangWook/Library/Android/sdk/cmake/3.6.4111459/bin/ninja" "cmTC_cd8e7"
[1/2] Building CXX object CMakeFiles/cmTC_cd8e7.dir/feature_tests.cxx.o
[2/2] Linking CXX executable cmTC_cd8e7


    Feature record: CXX_FEATURE:0cxx_aggregate_default_initializers
    Feature record: CXX_FEATURE:1cxx_alias_templates
    Feature record: CXX_FEATURE:1cxx_alignas
    Feature record: CXX_FEATURE:1cxx_alignof
    Feature record: CXX_FEATURE:1cxx_attributes
    Feature record: CXX_FEATURE:0cxx_attribute_deprecated
    Feature record: CXX_FEATURE:1cxx_auto_type
    Feature record: CXX_FEATURE:0cxx_binary_literals
    Feature record: CXX_FEATURE:1cxx_constexpr
    Feature record: CXX_FEATURE:0cxx_contextual_conversions
    Feature record: CXX_FEATURE:1cxx_decltype
    Feature record: CXX_FEATURE:0cxx_decltype_auto
    Feature record: CXX_FEATURE:1cxx_decltype_incomplete_return_types
    Feature record: CXX_FEATURE:1cxx_default_function_template_args
    Feature record: CXX_FEATURE:1cxx_defaulted_functions
    Feature record: CXX_FEATURE:1cxx_defaulted_move_initializers
    Feature record: CXX_FEATURE:1cxx_delegating_constructors
    Feature record: CXX_FEATURE:1cxx_deleted_functions
    Feature record: CXX_FEATURE:0cxx_digit_separators
    Feature record: CXX_FEATURE:1cxx_enum_forward_declarations
    Feature record: CXX_FEATURE:1cxx_explicit_conversions
    Feature record: CXX_FEATURE:1cxx_extended_friend_declarations
    Feature record: CXX_FEATURE:1cxx_extern_templates
    Feature record: CXX_FEATURE:1cxx_final
    Feature record: CXX_FEATURE:1cxx_func_identifier
    Feature record: CXX_FEATURE:1cxx_generalized_initializers
    Feature record: CXX_FEATURE:0cxx_generic_lambdas
    Feature record: CXX_FEATURE:1cxx_inheriting_constructors
    Feature record: CXX_FEATURE:1cxx_inline_namespaces
    Feature record: CXX_FEATURE:1cxx_lambdas
    Feature record: CXX_FEATURE:0cxx_lambda_init_captures
    Feature record: CXX_FEATURE:1cxx_local_type_template_args
    Feature record: CXX_FEATURE:1cxx_long_long_type
    Feature record: CXX_FEATURE:1cxx_noexcept
    Feature record: CXX_FEATURE:1cxx_nonstatic_member_init
    Feature record: CXX_FEATURE:1cxx_nullptr
    Feature record: CXX_FEATURE:1cxx_override
    Feature record: CXX_FEATURE:1cxx_range_for
    Feature record: CXX_FEATURE:1cxx_raw_string_literals
    Feature record: CXX_FEATURE:1cxx_reference_qualified_functions
    Feature record: CXX_FEATURE:0cxx_relaxed_constexpr
    Feature record: CXX_FEATURE:0cxx_return_type_deduction
    Feature record: CXX_FEATURE:1cxx_right_angle_brackets
    Feature record: CXX_FEATURE:1cxx_rvalue_references
    Feature record: CXX_FEATURE:1cxx_sizeof_member
    Feature record: CXX_FEATURE:1cxx_static_assert
    Feature record: CXX_FEATURE:1cxx_strong_enums
    Feature record: CXX_FEATURE:1cxx_template_template_parameters
    Feature record: CXX_FEATURE:1cxx_thread_local
    Feature record: CXX_FEATURE:1cxx_trailing_return_types
    Feature record: CXX_FEATURE:1cxx_unicode_literals
    Feature record: CXX_FEATURE:1cxx_uniform_initialization
    Feature record: CXX_FEATURE:1cxx_unrestricted_unions
    Feature record: CXX_FEATURE:1cxx_user_literals
    Feature record: CXX_FEATURE:0cxx_variable_templates
    Feature record: CXX_FEATURE:1cxx_variadic_macros
    Feature record: CXX_FEATURE:1cxx_variadic_templates


Detecting CXX [-std=c++98] compiler features compiled with the following output:
Change Dir: /Users/JunChangWook/Downloads/ohMyBaby/app/.externalNativeBuild/cmake/release/armeabi/CMakeFiles/CMakeTmp

Run Build Command:"/Users/JunChangWook/Library/Android/sdk/cmake/3.6.4111459/bin/ninja" "cmTC_ff795"
[1/2] Building CXX object CMakeFiles/cmTC_ff795.dir/feature_tests.cxx.o
[2/2] Linking CXX executable cmTC_ff795


    Feature record: CXX_FEATURE:0cxx_aggregate_default_initializers
    Feature record: CXX_FEATURE:0cxx_alias_templates
    Feature record: CXX_FEATURE:0cxx_alignas
    Feature record: CXX_FEATURE:0cxx_alignof
    Feature record: CXX_FEATURE:0cxx_attributes
    Feature record: CXX_FEATURE:0cxx_attribute_deprecated
    Feature record: CXX_FEATURE:0cxx_auto_type
    Feature record: CXX_FEATURE:0cxx_binary_literals
    Feature record: CXX_FEATURE:0cxx_constexpr
    Feature record: CXX_FEATURE:0cxx_contextual_conversions
    Feature record: CXX_FEATURE:0cxx_decltype
    Feature record: CXX_FEATURE:0cxx_decltype_auto
    Feature record: CXX_FEATURE:0cxx_decltype_incomplete_return_types
    Feature record: CXX_FEATURE:0cxx_default_function_template_args
    Feature record: CXX_FEATURE:0cxx_defaulted_functions
    Feature record: CXX_FEATURE:0cxx_defaulted_move_initializers
    Feature record: CXX_FEATURE:0cxx_delegating_constructors
    Feature record: CXX_FEATURE:0cxx_deleted_functions
    Feature record: CXX_FEATURE:0cxx_digit_separators
    Feature record: CXX_FEATURE:0cxx_enum_forward_declarations
    Feature record: CXX_FEATURE:0cxx_explicit_conversions
    Feature record: CXX_FEATURE:0cxx_extended_friend_declarations
    Feature record: CXX_FEATURE:0cxx_extern_templates
    Feature record: CXX_FEATURE:0cxx_final
    Feature record: CXX_FEATURE:0cxx_func_identifier
    Feature record: CXX_FEATURE:0cxx_generalized_initializers
    Feature record: CXX_FEATURE:0cxx_generic_lambdas
    Feature record: CXX_FEATURE:0cxx_inheriting_constructors
    Feature record: CXX_FEATURE:0cxx_inline_namespaces
    Feature record: CXX_FEATURE:0cxx_lambdas
    Feature record: CXX_FEATURE:0cxx_lambda_init_captures
    Feature record: CXX_FEATURE:0cxx_local_type_template_args
    Feature record: CXX_FEATURE:0cxx_long_long_type
    Feature record: CXX_FEATURE:0cxx_noexcept
    Feature record: CXX_FEATURE:0cxx_nonstatic_member_init
    Feature record: CXX_FEATURE:0cxx_nullptr
    Feature record: CXX_FEATURE:0cxx_override
    Feature record: CXX_FEATURE:0cxx_range_for
    Feature record: CXX_FEATURE:0cxx_raw_string_literals
    Feature record: CXX_FEATURE:0cxx_reference_qualified_functions
    Feature record: CXX_FEATURE:0cxx_relaxed_constexpr
    Feature record: CXX_FEATURE:0cxx_return_type_deduction
    Feature record: CXX_FEATURE:0cxx_right_angle_brackets
    Feature record: CXX_FEATURE:0cxx_rvalue_references
    Feature record: CXX_FEATURE:0cxx_sizeof_member
    Feature record: CXX_FEATURE:0cxx_static_assert
    Feature record: CXX_FEATURE:0cxx_strong_enums
    Feature record: CXX_FEATURE:1cxx_template_template_parameters
    Feature record: CXX_FEATURE:0cxx_thread_local
    Feature record: CXX_FEATURE:0cxx_trailing_return_types
    Feature record: CXX_FEATURE:0cxx_unicode_literals
    Feature record: CXX_FEATURE:0cxx_uniform_initialization
    Feature record: CXX_FEATURE:0cxx_unrestricted_unions
    Feature record: CXX_FEATURE:0cxx_user_literals
    Feature record: CXX_FEATURE:0cxx_variable_templates
    Feature record: CXX_FEATURE:0cxx_variadic_macros
    Feature record: CXX_FEATURE:0cxx_variadic_templates
